Сборка начата 12.06.2018 23:58:47.
     1>Проект "C:\Users\Darya\Desktop\Oxygen\oxygine-framework\examples\HelloWorld\proj.win32\HelloWorld.vcxproj" в узле 2 (целевые объекты Build).
     1>ClCompile:
         C:\Program Files (x86)\Microsoft Visual Studio 12.0\VC\bin\CL.exe /c /I../../..//oxygine/src /I../../../..//SDL/include /I../../..//oxygine/third_party/win32/pthreads/include /ZI /nologo /W3 /WX- /Od /Oy- /D WIN32 /D _DEBUG /D _WINDOWS /D _USING_V110_SDK71_ /D _UNICODE /D UNICODE /Gm /EHsc /RTC1 /MDd /GS /fp:precise /Zc:wchar_t /Zc:forScope /Fo"Debug_v120_xp\\" /Fd"Debug_v120_xp\vc120.pdb" /Gd /TP /analyze- /errorReport:prompt ..\src\example.cpp
         example.cpp
     1>c:\users\darya\desktop\oxygen\oxygine-framework\examples\helloworld\src\example.cpp(37): warning C4244: аргумент: преобразование "int" в "float", возможна потеря данных
     1>c:\users\darya\desktop\oxygen\oxygine-framework\examples\helloworld\src\example.cpp(111): warning C4244: аргумент: преобразование "int" в "float", возможна потеря данных
       Link:
         C:\Program Files (x86)\Microsoft Visual Studio 12.0\VC\bin\link.exe /ERRORREPORT:PROMPT /OUT:"C:\Users\Darya\Desktop\Oxygen\oxygine-framework\examples\HelloWorld\proj.win32\Debug_v120_xp\HelloWorld.exe" /INCREMENTAL:NO /NOLOGO /LIBPATH:../../..//oxygine/third_party/win32/libraries /LIBPATH:../../..//libs /MANIFEST /MANIFESTUAC:"level='asInvoker' uiAccess='false'" /manifest:embed /DEBUG /PDB:"C:\Users\Darya\Desktop\Oxygen\oxygine-framework\examples\HelloWorld\proj.win32\Debug_v120_xp\HelloWorld.pdb" /SUBSYSTEM:WINDOWS,"5.01" /TLBID:1 /DYNAMICBASE /NXCOMPAT /IMPLIB:"C:\Users\Darya\Desktop\Oxygen\oxygine-framework\examples\HelloWorld\proj.win32\Debug_v120_xp\HelloWorld.lib" /MACHINE:X86 /ignore:4099 Debug_v120_xp\main.obj
         Debug_v120_xp\example.obj
         "C:\Users\Darya\Desktop\Oxygen\oxygine-framework\examples\HelloWorld\proj.win32\Debug_v120_xp\oxygine_d.lib"
     1>main.obj : warning LNK4075: не учитывается "/EDITANDCONTINUE" из-за спецификации "/OPT:LBR"
         oxygine_d.lib(jerror.obj) : найден .netmodule MSIL или модуль, откомпилированный с параметром /GL; перезапускается компоновка с параметром /LTCG; добавьте /LTCG в командную строку компоновки для повышения производительности компоновщика
     1>main.obj : warning LNK4075: эх єўшЄ√трхЄё  "/EDITANDCONTINUE" шч-чр ёяхЎшЇшърЎшш "/OPT:LBR"
     1>LINK : warning LNK4098: сшсышюЄхър яю єьюыўрэш■ "MSVCRT" яЁюЄштюЁхўшЄ шёяюы№чютрэш■ фЁєушї сшсышюЄхъ; шёяюы№чєщЄх ярЁрьхЄЁ /NODEFAULTLIB:library
         ╤ючфрэшх ъюфр
         ╤ючфрэшх ъюфр чртхЁ°хэю
         HelloWorld.vcxproj -> C:\Users\Darya\Desktop\Oxygen\oxygine-framework\examples\HelloWorld\proj.win32\Debug_v120_xp\HelloWorld.exe
     1>Сборка проекта "C:\Users\Darya\Desktop\Oxygen\oxygine-framework\examples\HelloWorld\proj.win32\HelloWorld.vcxproj" завершена (целевые объекты Build).

Сборка успешно завершена.

Затраченное время: 00:00:09.33
